0 info it worked if it ends with ok
1 verbose cli [ 'node', '/usr/local/bin/npm', 'link', 'express' ]
2 info using npm@1.3.14
3 info using node@v0.10.22
4 info /Users/Weini/Documents/Web App/smithhub/node_modules/express unbuild
5 info preuninstall express@3.4.4
6 info uninstall express@3.4.4
7 verbose true,/Users/Weini/Documents/Web App/smithhub/node_modules,/Users/Weini/Documents/Web App/smithhub/node_modules unbuild express@3.4.4
8 verbose /Users/Weini/Documents/Web App/smithhub/node_modules/.bin,[object Object] binRoot
9 info postuninstall express@3.4.4
10 verbose link symlinking /usr/local/lib/node_modules/express to /Users/Weini/Documents/Web App/smithhub/node_modules/express
11 info build /Users/Weini/Documents/Web App/smithhub/node_modules/express
12 info preinstall express@3.4.4
13 verbose linkStuff [ false,
13 verbose linkStuff   false,
13 verbose linkStuff   false,
13 verbose linkStuff   '/Users/Weini/Documents/Web App/smithhub/node_modules' ]
14 info linkStuff express@3.4.4
15 verbose linkBins express@3.4.4
16 verbose link bins [ { express: './bin/express' },
16 verbose link bins   '/Users/Weini/Documents/Web App/smithhub/node_modules/.bin',
16 verbose link bins   false ]
17 verbose linkMans express@3.4.4
18 verbose rebuildBundles express@3.4.4
19 verbose rebuildBundles [ 'buffer-crc32',
19 verbose rebuildBundles   'commander',
19 verbose rebuildBundles   'connect',
19 verbose rebuildBundles   'cookie',
19 verbose rebuildBundles   'cookie-signature',
19 verbose rebuildBundles   'debug',
19 verbose rebuildBundles   'fresh',
19 verbose rebuildBundles   'methods',
19 verbose rebuildBundles   'mkdirp',
19 verbose rebuildBundles   'range-parser',
19 verbose rebuildBundles   'send' ]
20 error Error: EPERM, chmod '/Users/Weini/Documents/Web App/smithhub/node_modules/express/bin/express'
20 error  { [Error: EPERM, chmod '/Users/Weini/Documents/Web App/smithhub/node_modules/express/bin/express']
20 error   errno: 50,
20 error   code: 'EPERM',
20 error   path: '/Users/Weini/Documents/Web App/smithhub/node_modules/express/bin/express' }
21 error Please try running this command again as root/Administrator.
22 error System Darwin 13.0.0
23 error command "node" "/usr/local/bin/npm" "link" "express"
24 error cwd /Users/Weini/Documents/Web App/smithhub
25 error node -v v0.10.22
26 error npm -v 1.3.14
27 error path /Users/Weini/Documents/Web App/smithhub/node_modules/express/bin/express
28 error code EPERM
29 error errno 50
30 error stack Error: EPERM, chmod '/Users/Weini/Documents/Web App/smithhub/node_modules/express/bin/express'
31 verbose exit [ 50, true ]
